-----> Starting Kitchen (v1.17.0)
-----> Creating <default-sbeliakou-centos-74-x86-64-minimal>...
       Bringing machine 'default' up with 'virtualbox' provider...
       ==> default: Importing base box 'sbeliakou/centos-7.4-x86_64-minimal'...
       [KProgress: 10%[KProgress: 30%[KProgress: 50%[KProgress: 70%[KProgress: 90%[K==> default: Matching MAC address for NAT networking...
       ==> default: Checking if box 'sbeliakou/centos-7.4-x86_64-minimal' is up to date...
       ==> default: Setting the name of the VM: default-sbeliakou-centos-74-x86-64-minimal_default_1525811610632_70213
       ==> default: Clearing any previously set network interfaces...
       ==> default: Preparing network interfaces based on configuration...
           default: Adapter 1: nat
           default: Adapter 2: hostonly
       ==> default: Forwarding ports...
           default: 22 (guest) => 2222 (host) (adapter 1)
       ==> default: Booting VM...
       ==> default: Waiting for machine to boot. This may take a few minutes...
           default: SSH address: 127.0.0.1:2222
           default: SSH username: vagrant
           default: SSH auth method: private key
           default: Warning: Connection reset. Retrying...
           default: Warning: Remote connection disconnect. Retrying...
           default: Warning: Connection reset. Retrying...
           default: Warning: Remote connection disconnect. Retrying...
           default: Warning: Connection reset. Retrying...
           default: Warning: Remote connection disconnect. Retrying...
           default: Warning: Connection reset. Retrying...
           default: Warning: Remote connection disconnect. Retrying...
           default: Warning: Connection reset. Retrying...
           default: Warning: Remote connection disconnect. Retrying...
           default: Warning: Connection reset. Retrying...
           default: Warning: Remote connection disconnect. Retrying...
           default: Warning: Connection reset. Retrying...
           default: Warning: Remote connection disconnect. Retrying...
           default: Warning: Connection reset. Retrying...
           default: Warning: Remote connection disconnect. Retrying...
           default: Warning: Connection reset. Retrying...
           default: Warning: Remote connection disconnect. Retrying...
           default: Warning: Connection reset. Retrying...
           default: Warning: Remote connection disconnect. Retrying...
           default: Warning: Connection reset. Retrying...
           default: Warning: Remote connection disconnect. Retrying...
           default: Warning: Connection reset. Retrying...
           default: Warning: Remote connection disconnect. Retrying...
           default: Warning: Connection reset. Retrying...
           default: Warning: Remote connection disconnect. Retrying...
           default: Warning: Connection reset. Retrying...
           default: Warning: Remote connection disconnect. Retrying...
           default: Warning: Connection reset. Retrying...
           default: Warning: Remote connection disconnect. Retrying...
           default: Warning: Connection reset. Retrying...
           default: Warning: Remote connection disconnect. Retrying...
           default: Warning: Connection reset. Retrying...
           default: Warning: Remote connection disconnect. Retrying...
           default: Warning: Connection reset. Retrying...
           default: Warning: Remote connection disconnect. Retrying...
           default: Warning: Connection reset. Retrying...
           default: Warning: Remote connection disconnect. Retrying...
           default: Warning: Connection reset. Retrying...
           default: Warning: Remote connection disconnect. Retrying...
           default: Warning: Connection reset. Retrying...
           default: Warning: Remote connection disconnect. Retrying...
           default: Warning: Connection reset. Retrying...
           default: Warning: Remote connection disconnect. Retrying...
           default: Warning: Connection reset. Retrying...
           default: Warning: Remote connection disconnect. Retrying...
           default: Warning: Connection reset. Retrying...
           default: Warning: Remote connection disconnect. Retrying...
           default: Warning: Connection reset. Retrying...
           default: Warning: Remote connection disconnect. Retrying...
           default: Warning: Connection reset. Retrying...
           default: Warning: Remote connection disconnect. Retrying...
           default: Warning: Connection reset. Retrying...
           default: Warning: Remote connection disconnect. Retrying...
           default: Warning: Connection reset. Retrying...
           default: Warning: Remote connection disconnect. Retrying...
           default: Warning: Connection reset. Retrying...
           default: Warning: Remote connection disconnect. Retrying...
           default: Warning: Connection reset. Retrying...
           default: Warning: Remote connection disconnect. Retrying...
           default: Warning: Connection reset. Retrying...
           default: Warning: Remote connection disconnect. Retrying...
           default: Warning: Connection reset. Retrying...
           default: Warning: Remote connection disconnect. Retrying...
           default: Warning: Connection reset. Retrying...
           default: Warning: Remote connection disconnect. Retrying...
           default: Warning: Connection reset. Retrying...
           default: Warning: Remote connection disconnect. Retrying...
           default: Warning: Connection reset. Retrying...
           default: Warning: Remote connection disconnect. Retrying...
           default: Warning: Connection reset. Retrying...
           default: Warning: Remote connection disconnect. Retrying...
           default: Warning: Connection reset. Retrying...
           default: Warning: Remote connection disconnect. Retrying...
           default: Warning: Connection reset. Retrying...
           default: Warning: Remote connection disconnect. Retrying...
           default: Warning: Connection reset. Retrying...
           default: Warning: Remote connection disconnect. Retrying...
           default: Warning: Connection reset. Retrying...
           default: Warning: Remote connection disconnect. Retrying...
           default: Warning: Connection reset. Retrying...
           default: Warning: Remote connection disconnect. Retrying...
           default: Warning: Connection reset. Retrying...
           default: 
           default: Vagrant insecure key detected. Vagrant will automatically replace
           default: this with a newly generated keypair for better security.
           default: 
           default: Inserting generated public key within guest...
           default: Removing insecure key from the guest if it's present...
           default: Key inserted! Disconnecting and reconnecting using new SSH key...
       ==> default: Machine booted and ready!
       ==> default: Checking for guest additions in VM...
           default: The guest additions on this VM do not match the installed version of
           default: VirtualBox! In most cases this is fine, but in rare cases it can
           default: prevent things such as shared folders from working properly. If you see
           default: shared folder errors, please make sure the guest additions within the
           default: virtual machine match the version of VirtualBox you have installed on
           default: your host and reload your VM.
           default: 
           default: Guest Additions Version: 5.2.6
           default: VirtualBox Version: 5.1
       ==> default: Setting hostname...
       ==> default: Configuring and enabling network interfaces...
           default: SSH address: 127.0.0.1:2222
           default: SSH username: vagrant
           default: SSH auth method: private key
       ==> default: Machine not provisioned because `--no-provision` is specified.
       [SSH] Established
       Vagrant instance <default-sbeliakou-centos-74-x86-64-minimal> created.
       Finished creating <default-sbeliakou-centos-74-x86-64-minimal> (1m24.36s).
-----> Kitchen is finished. (1m25.60s)
